#
# There is insufficient memory for the Java Runtime Environment to continue.
# Native memory allocation (mmap) failed to map 134217728 bytes for Failed to commit area from 0x0000000700000000 to 0x0000000708000000 of length 134217728.
# Possible reasons:
#   The system is out of physical RAM or swap space
#   The process is running with CompressedOops enabled, and the Java Heap may be blocking the growth of the native heap
# Possible solutions:
#   Reduce memory load on the system
#   Increase physical memory or swap space
#   Check if swap backing store is full
#   Decrease Java heap size (-Xmx/-Xms)
#   Decrease number of Java threads
#   Decrease Java thread stack sizes (-Xss)
#   Set larger code cache with -XX:ReservedCodeCacheSize=
# This output file may be truncated or incomplete.
#
#  Out of Memory Error (t:/workspace/open/src/hotspot/os/windows/os_windows.cpp:3301), pid=7944, tid=9988
#
# JRE version:  (13.0.1+9) (build )
# Java VM: Java HotSpot(TM) 64-Bit Server VM (13.0.1+9, mixed mode, aot, sharing, tiered, compressed oops, g1 gc, windows-amd64)
# No core dump will be written. Minidumps are not enabled by default on client versions of Windows
#

---------------  S U M M A R Y ------------

Command Line: -Xmx4096M -Dfile.encoding=UTF8 C:\Program Files\2017.4.39f1\Editor\Data\PlaybackEngines\AndroidPlayer/Tools\sdktools.jar -

Host: Intel(R) Core(TM) i5-4200M CPU @ 2.50GHz, 4 cores, 7G,  Windows 10 , 64 bit Build 18362 (10.0.18362.959)
Time: Wed Aug 12 10:21:49 2020 Pakistan Standard Time elapsed time: 0 seconds (0d 0h 0m 0s)

---------------  T H R E A D  ---------------

Current thread (0x000001a44b3da800):  JavaThread "Unknown thread" [_thread_in_vm, id=9988, stack(0x000000347d800000,0x000000347d900000)]

Stack: [0x000000347d800000,0x000000347d900000]
Native frames: (J=compiled Java code, j=interpreted, Vv=VM code, C=native code)
V  [jvm.dll+0x626eca]
V  [jvm.dll+0x772c6a]
V  [jvm.dll+0x77441f]
V  [jvm.dll+0x774a23]
V  [jvm.dll+0x24da58]
V  [jvm.dll+0x62438a]
V  [jvm.dll+0x618f75]
V  [jvm.dll+0x30c61c]
V  [jvm.dll+0x30c452]
V  [jvm.dll+0x311bc6]
V  [jvm.dll+0x355ce6]
V  [jvm.dll+0x3554c0]
V  [jvm.dll+0x2e729a]
V  [jvm.dll+0x2e8532]
V  [jvm.dll+0x74fcd8]
V  [jvm.dll+0x363739]
V  [jvm.dll+0x732dc5]
V  [jvm.dll+0x3ce2ef]
V  [jvm.dll+0x3d0611]
C  [jli.dll+0x51ff]
C  [ucrtbase.dll+0x20e82]
C  [KERNEL32.DLL+0x17bd4]
C  [ntdll.dll+0x6ce51]


---------------  P R O C E S S  ---------------

Threads class SMR info:
_java_thread_list=0x00007ffcc70d46b8, length=0, elements={
}

Java Threads: ( => current thread )

Other Threads:
  0x000001a44b445800 GCTaskThread "GC Thread#0" [stack: 0x000000347d900000,0x000000347da00000] [id=3424]
  0x000001a44b469000 ConcurrentGCThread "G1 Main Marker" [stack: 0x000000347da00000,0x000000347db00000] [id=11700]
  0x000001a44b46a000 ConcurrentGCThread "G1 Conc#0" [stack: 0x000000347db00000,0x000000347dc00000] [id=8068]

[error occurred during error reporting (printing all threads), id 0xc0000005, EXCEPTION_ACCESS_VIOLATION (0xc0000005) at pc=0x00007ffcc6906f67]

VM state:not at safepoint (not fully initialized)

VM Mutex/Monitor currently owned by a thread:  ([mutex/lock_event])
[0x000001a44b3d6a10] Heap_lock - owner thread: 0x000001a44b3da800

Heap address: 0x0000000700000000, size: 4096 MB, Compressed Oops mode: Non-zero based: 0x0000000700000000
Narrow klass base: 0x0000000000000000, Narrow klass shift: 0

GC Heap History (0 events):
No events

Deoptimization events (0 events):
No events

Classes unloaded (0 events):
No events

Classes redefined (0 events):
No events

Internal exceptions (0 events):
No events

Events (8 events):
Event: 0.536 Loaded shared library C:\Program Files\Java\jdk-13.0.1\bin\zip.dll
Event: 0.566 Loaded shared library C:\Program Files\Java\jdk-13.0.1\bin\jimage.dll
Event: 0.658 Loading shared library C:\Program Files\Java\jdk-13.0.1\lib\libjava.base-coop.dll failed, error code 126
Event: 0.659 Loading shared library C:\Program Files\Java\jdk-13.0.1\lib\libjava.logging-coop.dll failed, error code 126
Event: 0.659 Loading shared library C:\Program Files\Java\jdk-13.0.1\lib\libjdk.compiler-coop.dll failed, error code 126
Event: 0.659 Loading shared library C:\Program Files\Java\jdk-13.0.1\lib\libjdk.scripting.nashorn-coop.dll failed, error code 126
Event: 0.659 Loading shared library C:\Program Files\Java\jdk-13.0.1\lib\libjdk.internal.vm.ci-coop.dll failed, error code 126
Event: 0.659 Loading shared library C:\Program Files\Java\jdk-13.0.1\lib\libjdk.internal.vm.compiler-coop.dll failed, error code 126


Dynamic libraries:
0x00007ff6948d0000 - 0x00007ff6948df000 	C:\Program Files\Java\jdk-13.0.1\bin\java.exe
0x00007ffd11b40000 - 0x00007ffd11d30000 	C:\WINDOWS\SYSTEM32\ntdll.dll
0x00007ffd10140000 - 0x00007ffd101f2000 	C:\WINDOWS\System32\KERNEL32.DLL
0x00007ffd0ec40000 - 0x00007ffd0eee4000 	C:\WINDOWS\System32\KERNELBASE.dll
0x00007ffd0fad0000 - 0x00007ffd0fbca000 	C:\WINDOWS\System32\ucrtbase.dll
0x00007ffcf5080000 - 0x00007ffcf5098000 	C:\Program Files\Java\jdk-13.0.1\bin\jli.dll
0x00007ffd10c50000 - 0x00007ffd10cf3000 	C:\WINDOWS\System32\ADVAPI32.dll
0x00007ffd11a60000 - 0x00007ffd11afe000 	C:\WINDOWS\System32\msvcrt.dll
0x00007ffd117f0000 - 0x00007ffd11887000 	C:\WINDOWS\System32\sechost.dll
0x00007ffd10200000 - 0x00007ffd10320000 	C:\WINDOWS\System32\RPCRT4.dll
0x00007ffd10d10000 - 0x00007ffd10ea4000 	C:\WINDOWS\System32\USER32.dll
0x00007ffd0eef0000 - 0x00007ffd0ef11000 	C:\WINDOWS\System32\win32u.dll
0x00007ffd10c20000 - 0x00007ffd10c46000 	C:\WINDOWS\System32\GDI32.dll
0x00007ffd0f930000 - 0x00007ffd0fac6000 	C:\WINDOWS\System32\gdi32full.dll
0x00007ffd0f070000 - 0x00007ffd0f10e000 	C:\WINDOWS\System32\msvcp_win.dll
0x00007ffd0ded0000 - 0x00007ffd0e154000 	C:\WINDOWS\WinSxS\amd64_microsoft.windows.common-controls_6595b64144ccf1df_6.0.18362.959_none_e6c7bbbf130c62bb\COMCTL32.dll
0x00007ffd114b0000 - 0x00007ffd117e5000 	C:\WINDOWS\System32\combase.dll
0x00007ffd0eac0000 - 0x00007ffd0eb40000 	C:\WINDOWS\System32\bcryptPrimitives.dll
0x00007ffd0ce90000 - 0x00007ffd0ce9a000 	C:\WINDOWS\SYSTEM32\VERSION.dll
0x00007ffcf34a0000 - 0x00007ffcf34b5000 	C:\Program Files\Java\jdk-13.0.1\bin\VCRUNTIME140.dll
0x00007ffd11130000 - 0x00007ffd1115e000 	C:\WINDOWS\System32\IMM32.DLL
0x00007ffce26b0000 - 0x00007ffce274b000 	C:\Program Files\Java\jdk-13.0.1\bin\msvcp140.dll
0x00007ffcc6610000 - 0x00007ffcc7176000 	C:\Program Files\Java\jdk-13.0.1\bin\server\jvm.dll
0x00007ffd10c10000 - 0x00007ffd10c18000 	C:\WINDOWS\System32\PSAPI.DLL
0x00007ffcf8960000 - 0x00007ffcf8969000 	C:\WINDOWS\SYSTEM32\WSOCK32.dll
0x00007ffd0c310000 - 0x00007ffd0c334000 	C:\WINDOWS\SYSTEM32\WINMM.dll
0x000001a449320000 - 0x000001a44938f000 	C:\WINDOWS\System32\ws2_32.DLL
0x00007ffd0c2e0000 - 0x00007ffd0c30d000 	C:\WINDOWS\SYSTEM32\WINMMBASE.dll
0x00007ffd0ebf0000 - 0x00007ffd0ec3a000 	C:\WINDOWS\System32\cfgmgr32.dll
0x00007ffd0eaa0000 - 0x00007ffd0eab1000 	C:\WINDOWS\System32\kernel.appcore.dll
0x00007ffd0cea0000 - 0x00007ffd0ceb0000 	C:\Program Files\Java\jdk-13.0.1\bin\verify.dll
0x00007ffd0e450000 - 0x00007ffd0e644000 	C:\WINDOWS\SYSTEM32\DBGHELP.DLL
0x00007ffd0e360000 - 0x00007ffd0e38a000 	C:\WINDOWS\SYSTEM32\dbgcore.DLL
0x00007ffceba40000 - 0x00007ffceba66000 	C:\Program Files\Java\jdk-13.0.1\bin\java.dll
0x00007ffcf2f10000 - 0x00007ffcf2f27000 	C:\Program Files\Java\jdk-13.0.1\bin\zip.dll
0x00007ffd0aa00000 - 0x00007ffd0aa0a000 	C:\Program Files\Java\jdk-13.0.1\bin\jimage.dll

dbghelp: loaded successfully - version: 4.0.5 - missing functions: none
symbol engine: initialized successfully - sym options: 0x614 - pdb path: .;C:\Program Files\Java\jdk-13.0.1\bin;C:\WINDOWS\SYSTEM32;C:\WINDOWS\WinSxS\amd64_microsoft.windows.common-controls_6595b64144ccf1df_6.0.18362.959_none_e6c7bbbf130c62bb;C:\Program Files\Java\jdk-13.0.1\bin\server

VM Arguments:
jvm_args: -Xmx4096M -Dfile.encoding=UTF8 
java_command: C:\Program Files\2017.4.39f1\Editor\Data\PlaybackEngines\AndroidPlayer/Tools\sdktools.jar -
java_class_path (initial): C:\Program Files\2017.4.39f1\Editor\Data\PlaybackEngines\AndroidPlayer/Tools\sdktools.jar
Launcher Type: SUN_STANDARD

[Global flags]
     intx CICompilerCount                          = 3                                         {product} {ergonomic}
     uint ConcGCThreads                            = 1                                         {product} {ergonomic}
     uint G1ConcRefinementThreads                  = 4                                         {product} {ergonomic}
   size_t G1HeapRegionSize                         = 1048576                                   {product} {ergonomic}
    uintx GCDrainStackTargetSize                   = 64                                        {product} {ergonomic}
   size_t InitialHeapSize                          = 134217728                                 {product} {ergonomic}
   size_t MarkStackSize                            = 4194304                                   {product} {ergonomic}
   size_t MaxHeapSize                              = 4294967296                                {product} {command line}
   size_t MinHeapDeltaBytes                        = 1048576                                   {product} {ergonomic}
   size_t MinHeapSize                              = 8388608                                   {product} {ergonomic}
    uintx NonNMethodCodeHeapSize                   = 5830732                                {pd product} {ergonomic}
    uintx NonProfiledCodeHeapSize                  = 122913754                              {pd product} {ergonomic}
    uintx ProfiledCodeHeapSize                     = 122913754                              {pd product} {ergonomic}
    uintx ReservedCodeCacheSize                    = 251658240                              {pd product} {ergonomic}
     bool SegmentedCodeCache                       = true                                      {product} {ergonomic}
   size_t SoftMaxHeapSize                          = 4294967296                             {manageable} {ergonomic}
     bool UseCompressedClassPointers               = true                                 {lp64_product} {ergonomic}
     bool UseCompressedOops                        = true                                 {lp64_product} {ergonomic}
     bool UseG1GC                                  = true                                      {product} {ergonomic}
     bool UseLargePagesIndividualAllocation        = false                                  {pd product} {ergonomic}

Logging:
Log output configuration:
 #0: stdout all=warning uptime,level,tags
 #1: stderr all=off uptime,level,tags

Environment Variables:
JAVA_HOME=C:\Program Files\2018.3.2f1\Unity\Editor\Data\PlaybackEngines\AndroidPlayer/Tools\OpenJDK\Windows
PATH=C:\WINDOWS\system32;C:\WINDOWS;C:\WINDOWS\System32\Wbem;C:\WINDOWS\System32\WindowsPowerShell\v1.0\;C:\Program Files (x86)\GtkSharp\2.12\bin;C:\WINDOWS\System32\OpenSSH\;C:\Program Files\dotnet\;C:\Program Files\Microsoft SQL Server\130\Tools\Binn\;C:\openSSL\bin;C:\Program Files\Java\jdk-13.0.1\bin;
USERNAME=Zee
OS=Windows_NT
PROCESSOR_IDENTIFIER=Intel64 Family 6 Model 60 Stepping 3, GenuineIntel



---------------  S Y S T E M  ---------------

OS: Windows 10 , 64 bit Build 18362 (10.0.18362.959)

CPU:total 4 (initial active 4) (2 cores per cpu, 2 threads per core) family 6 model 60 stepping 3, cmov, cx8, fxsr, mmx, sse, sse2, sse3, ssse3, sse4.1, sse4.2, popcnt, avx, avx2, aes, clmul, erms, lzcnt, ht, tsc, tscinvbit, bmi1, bmi2, fma

Memory: 4k page, system-wide physical 8073M (1336M free)
TotalPageFile size 12086M (AvailPageFile size 26M)
current process WorkingSet (physical memory assigned to process): 10M, peak: 10M
current process commit charge ("private bytes"): 52M, peak: 180M

vm_info: Java HotSpot(TM) 64-Bit Server VM (13.0.1+9) for windows-amd64 JRE (13.0.1+9), built on Oct  6 2019 12:37:49 by "mach5one" with unknown MS VC++:1916

END.
