#
# There is insufficient memory for the Java Runtime Environment to continue.
# Native memory allocation (malloc) failed to allocate 1048576 bytes for AllocateHeap
# Possible reasons:
#   The system is out of physical RAM or swap space
#   In 32 bit mode, the process size limit was hit
# Possible solutions:
#   Reduce memory load on the system
#   Increase physical memory or swap space
#   Check if swap backing store is full
#   Use 64 bit Java on a 64 bit OS
#   Decrease Java heap size (-Xmx/-Xms)
#   Decrease number of Java threads
#   Decrease Java thread stack sizes (-Xss)
#   Set larger code cache with -XX:ReservedCodeCacheSize=
# This output file may be truncated or incomplete.
#
#  Out of Memory Error (memory/allocation.inline.hpp:61), pid=6688, tid=0x00000000000042f4
#
# JRE version:  (8.0) (build )
# Java VM: OpenJDK 64-Bit Server VM (25.71-b00 mixed mode windows-amd64 compressed oops)
# Failed to write core dump. Minidumps are not enabled by default on client versions of Windows
#

---------------  T H R E A D  ---------------

Current thread (0x00000000033be800):  JavaThread "Unknown thread" [_thread_in_vm, id=17140, stack(0x00000000017a0000,0x00000000018a0000)]

Stack: [0x00000000017a0000,0x00000000018a0000]
[error occurred during error reporting (printing stack bounds), id 0xc0000005]

Native frames: (J=compiled Java code, j=interpreted, Vv=VM code, C=native code)


---------------  P R O C E S S  ---------------

Java Threads: ( => current thread )

Other Threads:

=>0x00000000033be800 (exited) JavaThread "Unknown thread" [_thread_in_vm, id=17140, stack(0x00000000017a0000,0x00000000018a0000)]

VM state:not at safepoint (normal execution)

VM Mutex/Monitor currently owned by a thread: None

Heap:
 PSYoungGen      total 38400K, used 665K [0x00000000d5f00000, 0x00000000d8980000, 0x0000000100000000)
  eden space 33280K, 2% used [0x00000000d5f00000,0x00000000d5fa6670,0x00000000d7f80000)
  from space 5120K, 0% used [0x00000000d8480000,0x00000000d8480000,0x00000000d8980000)
  to   space 5120K, 0% used [0x00000000d7f80000,0x00000000d7f80000,0x00000000d8480000)
 ParOldGen       total 87552K, used 0K [0x0000000081c00000, 0x0000000087180000, 0x00000000d5f00000)
  object space 87552K, 0% used [0x0000000081c00000,0x0000000081c00000,0x0000000087180000)
 Metaspace       used 777K, capacity 4480K, committed 4480K, reserved 1056768K
  class space    used 74K, capacity 384K, committed 384K, reserved 1048576K

Card table byte_map: [0x0000000012780000,0x0000000012b80000] byte_map_base: 0x0000000012372000

Marking Bits: (ParMarkBitMap*) 0x0000000074ebbe50
 Begin Bits: [0x0000000013130000, 0x00000000150c0000)
 End Bits:   [0x00000000150c0000, 0x0000000017050000)

Polling page: 0x00000000012c0000

CodeCache: size=245760Kb used=328Kb max_used=328Kb free=245431Kb
 bounds [0x00000000033c0000, 0x0000000003630000, 0x00000000123c0000]
 total_blobs=57 nmethods=0 adapters=38
 compilation: enabled

Compilation events (0 events):
No events

GC Heap History (0 events):
No events

Deoptimization events (0 events):
No events

Classes redefined (0 events):
No events

Internal exceptions (0 events):
No events

Events (10 events):
Event: 0.021 loading class java/lang/Short
Event: 0.021 loading class java/lang/Short done
Event: 0.021 loading class java/lang/Integer
Event: 0.021 loading class java/lang/Integer done
Event: 0.021 loading class java/lang/Long
Event: 0.021 loading class java/lang/Long done
Event: 0.022 loading class java/lang/NullPointerException
Event: 0.022 loading class java/lang/NullPointerException done
Event: 0.022 loading class java/lang/ArithmeticException
Event: 0.022 loading class java/lang/ArithmeticException done


Dynamic libraries:
0x00007ff69daa0000 - 0x00007ff69dad5000 	C:\Program Files\2018.3.2f1\Unity\Editor\Data\PlaybackEngines\AndroidPlayer\Tools\OpenJDK\Windows\bin\java.exe
0x00007ffd11b40000 - 0x00007ffd11d30000 	C:\WINDOWS\SYSTEM32\ntdll.dll
0x00007ffd10140000 - 0x00007ffd101f2000 	C:\WINDOWS\System32\KERNEL32.DLL
0x00007ffd0ec40000 - 0x00007ffd0eee4000 	C:\WINDOWS\System32\KERNELBASE.dll
0x00007ffd10c50000 - 0x00007ffd10cf3000 	C:\WINDOWS\System32\ADVAPI32.dll
0x00007ffd11a60000 - 0x00007ffd11afe000 	C:\WINDOWS\System32\msvcrt.dll
0x00007ffd117f0000 - 0x00007ffd11887000 	C:\WINDOWS\System32\sechost.dll
0x00007ffd10200000 - 0x00007ffd10320000 	C:\WINDOWS\System32\RPCRT4.dll
0x00007ffd10d10000 - 0x00007ffd10ea4000 	C:\WINDOWS\System32\USER32.dll
0x00007ffd0eef0000 - 0x00007ffd0ef11000 	C:\WINDOWS\System32\win32u.dll
0x00007ffd10c20000 - 0x00007ffd10c46000 	C:\WINDOWS\System32\GDI32.dll
0x00007ffd0f930000 - 0x00007ffd0fac6000 	C:\WINDOWS\System32\gdi32full.dll
0x00007ffd0f070000 - 0x00007ffd0f10e000 	C:\WINDOWS\System32\msvcp_win.dll
0x00007ffd0fad0000 - 0x00007ffd0fbca000 	C:\WINDOWS\System32\ucrtbase.dll
0x00007ffd0ded0000 - 0x00007ffd0e154000 	C:\WINDOWS\WinSxS\amd64_microsoft.windows.common-controls_6595b64144ccf1df_6.0.18362.959_none_e6c7bbbf130c62bb\COMCTL32.dll
0x00007ffd114b0000 - 0x00007ffd117e5000 	C:\WINDOWS\System32\combase.dll
0x00007ffd0eac0000 - 0x00007ffd0eb40000 	C:\WINDOWS\System32\bcryptPrimitives.dll
0x00007ffd11130000 - 0x00007ffd1115e000 	C:\WINDOWS\System32\IMM32.DLL
0x0000000074f40000 - 0x0000000075012000 	C:\Program Files\2018.3.2f1\Unity\Editor\Data\PlaybackEngines\AndroidPlayer\Tools\OpenJDK\Windows\jre\bin\msvcr100.dll
0x00000000746f0000 - 0x0000000074f39000 	C:\Program Files\2018.3.2f1\Unity\Editor\Data\PlaybackEngines\AndroidPlayer\Tools\OpenJDK\Windows\jre\bin\server\jvm.dll
0x00007ffd10c10000 - 0x00007ffd10c18000 	C:\WINDOWS\System32\PSAPI.DLL
0x00007ffd0ce90000 - 0x00007ffd0ce9a000 	C:\WINDOWS\SYSTEM32\VERSION.dll
0x00007ffd0c310000 - 0x00007ffd0c334000 	C:\WINDOWS\SYSTEM32\WINMM.dll
0x00007ffcf8960000 - 0x00007ffcf8969000 	C:\WINDOWS\SYSTEM32\WSOCK32.dll
0x00007ffd10ff0000 - 0x00007ffd1105f000 	C:\WINDOWS\System32\WS2_32.dll
0x00007ffd0c2e0000 - 0x00007ffd0c30d000 	C:\WINDOWS\SYSTEM32\WINMMBASE.dll
0x00007ffd0ebf0000 - 0x00007ffd0ec3a000 	C:\WINDOWS\System32\cfgmgr32.dll
0x00007ffcf52c0000 - 0x00007ffcf52cf000 	C:\Program Files\2018.3.2f1\Unity\Editor\Data\PlaybackEngines\AndroidPlayer\Tools\OpenJDK\Windows\jre\bin\verify.dll
0x00007ffcebad0000 - 0x00007ffcebaf9000 	C:\Program Files\2018.3.2f1\Unity\Editor\Data\PlaybackEngines\AndroidPlayer\Tools\OpenJDK\Windows\jre\bin\java.dll
0x00007ffcf5230000 - 0x00007ffcf5246000 	C:\Program Files\2018.3.2f1\Unity\Editor\Data\PlaybackEngines\AndroidPlayer\Tools\OpenJDK\Windows\jre\bin\zip.dll

VM Arguments:
jvm_args: -Dcom.android.sdklib.toolsdir=C:\Users\Zee\AppData\Local\Android\Sdk\tools\bin\\.. 
java_command: com.android.sdklib.tool.sdkmanager.SdkManagerCli --list --verbose
java_class_path (initial): C:\Users\Zee\AppData\Local\Android\Sdk\tools\bin\..\lib\dvlib-26.0.0-dev.jar;C:\Users\Zee\AppData\Local\Android\Sdk\tools\bin\..\lib\jimfs-1.1.jar;C:\Users\Zee\AppData\Local\Android\Sdk\tools\bin\..\lib\jsr305-1.3.9.jar;C:\Users\Zee\AppData\Local\Android\Sdk\tools\bin\..\lib\repository-26.0.0-dev.jar;C:\Users\Zee\AppData\Local\Android\Sdk\tools\bin\..\lib\j2objc-annotations-1.1.jar;C:\Users\Zee\AppData\Local\Android\Sdk\tools\bin\..\lib\layoutlib-api-26.0.0-dev.jar;C:\Users\Zee\AppData\Local\Android\Sdk\tools\bin\..\lib\gson-2.3.jar;C:\Users\Zee\AppData\Local\Android\Sdk\tools\bin\..\lib\httpcore-4.2.5.jar;C:\Users\Zee\AppData\Local\Android\Sdk\tools\bin\..\lib\commons-logging-1.1.1.jar;C:\Users\Zee\AppData\Local\Android\Sdk\tools\bin\..\lib\commons-compress-1.12.jar;C:\Users\Zee\AppData\Local\Android\Sdk\tools\bin\..\lib\annotations-26.0.0-dev.jar;C:\Users\Zee\AppData\Local\Android\Sdk\tools\bin\..\lib\error_prone_annotations-2.0.18.jar;C:\Users\Zee\AppData\Local\Android\Sdk\tools\bin\..\lib\animal-sniffer-annotations-1.14.jar;C:\Users\Zee\AppData\Local\Android\Sdk\tools\bin\..\lib\httpclient-4.2.6.jar;C:\Users\Zee\AppData\Local\Android\Sdk\tools\bin\..\lib\commons-codec-1.6.jar;C:\Users\Zee\AppData\Local\Android\Sdk\tools\bin\..\lib\common-26.0.0-dev.jar;C:\Users\Zee\AppData\Local\Android\Sdk\tools\bin\..\lib\kxml2-2.3.0.jar;C:\Users\Zee\AppData\Local\Android\Sdk\tools\bin\..\lib\httpmime-4.1.jar;C:\Users\Zee\AppData\Local\Android\Sdk\tools\bin\..\lib\annotations-12.0.jar;C:\Users\Zee\AppData\Local\Android\Sdk\tools\bin\..\lib\sdklib-26.0.0-dev.jar;C:\Users\Zee\AppData\Local\Android\Sdk\tools\bin\..\lib\guava-22.0.jar
Launcher Type: SUN_STANDARD

Environment Variables:
JAVA_HOME=C:\Program Files\2018.3.2f1\Unity\Editor\Data\PlaybackEngines\AndroidPlayer/Tools\OpenJDK\Windows
CLASSPATH=C:\Users\Zee\AppData\Local\Android\Sdk\tools\bin\..\lib\dvlib-26.0.0-dev.jar;C:\Users\Zee\AppData\Local\Android\Sdk\tools\bin\..\lib\jimfs-1.1.jar;C:\Users\Zee\AppData\Local\Android\Sdk\tools\bin\..\lib\jsr305-1.3.9.jar;C:\Users\Zee\AppData\Local\Android\Sdk\tools\bin\..\lib\repository-26.0.0-dev.jar;C:\Users\Zee\AppData\Local\Android\Sdk\tools\bin\..\lib\j2objc-annotations-1.1.jar;C:\Users\Zee\AppData\Local\Android\Sdk\tools\bin\..\lib\layoutlib-api-26.0.0-dev.jar;C:\Users\Zee\AppData\Local\Android\Sdk\tools\bin\..\lib\gson-2.3.jar;C:\Users\Zee\AppData\Local\Android\Sdk\tools\bin\..\lib\httpcore-4.2.5.jar;C:\Users\Zee\AppData\Local\Android\Sdk\tools\bin\..\lib\commons-logging-1.1.1.jar;C:\Users\Zee\AppData\Local\Android\Sdk\tools\bin\..\lib\commons-compress-1.12.jar;C:\Users\Zee\AppData\Local\Android\Sdk\tools\bin\..\lib\annotations-26.0.0-dev.jar;C:\Users\Zee\AppData\Local\Android\Sdk\tools\bin\..\lib\error_prone_annotations-2.0.18.jar;C:\Users\Zee\AppData\Local\Android\Sdk\tools\bin\..\lib\animal-sniffer-annotations-1.14.jar;C:\Users\Zee\AppData\Local\Android\Sdk\tools\bin\..\lib\httpclient-4.2.6.jar;C:\Users\Zee\AppData\Local\Android\Sdk\tools\bin\..\lib\commons-codec-1.6.jar;C:\Users\Zee\AppData\Local\Android\Sdk\tools\bin\..\lib\common-26.0.0-dev.jar;C:\Users\Zee\AppData\Local\Android\Sdk\tools\bin\..\lib\kxml2-2.3.0.jar;C:\Users\Zee\AppData\Local\Android\Sdk\tools\bin\..\lib\httpmime-4.1.jar;C:\Users\Zee\AppData\Local\Android\Sdk\tools\bin\..\lib\annotations-12.0.jar;C:\Users\Zee\AppData\Local\Android\Sdk\tools\bin\..\lib\sdklib-26.0.0-dev.jar;C:\Users\Zee\AppData\Local\Android\Sdk\tools\bin\..\lib\guava-22.0.jar
PATH=C:\WINDOWS\system32;C:\WINDOWS;C:\WINDOWS\System32\Wbem;C:\WINDOWS\System32\WindowsPowerShell\v1.0\;C:\Program Files (x86)\GtkSharp\2.12\bin;C:\WINDOWS\System32\OpenSSH\;C:\Program Files\dotnet\;C:\Program Files\Microsoft SQL Server\130\Tools\Binn\;C:\openSSL\bin;C:\Program Files\Java\jdk-13.0.1\bin;
USERNAME=Zee
OS=Windows_NT
PROCESSOR_IDENTIFIER=Intel64 Family 6 Model 60 Stepping 3, GenuineIntel



---------------  S Y S T E M  ---------------

OS: Windows 10.0 , 64 bit Build 18362 (10.0.18362.959)

CPU:total 4 (initial active 4) (2 cores per cpu, 2 threads per core) family 6 model 60 stepping 3, cmov, cx8, fxsr, mmx, sse, sse2, sse3, ssse3, sse4.1, sse4.2, popcnt, avx, avx2, aes, clmul, erms, lzcnt, ht, tsc, tscinvbit, bmi1, bmi2

Memory: 4k page, physical 8266860k(1099656k free), swap 11809740k(6136k free)

vm_info: OpenJDK 64-Bit Server VM (25.71-b00) for windows-amd64 JRE (1.8.0-adoptopenjdk-_2018_05_19_00_59-b00), built on May 19 2018 01:02:12 by "jenkins" with MS VC++ 10.0 (VS2010)

time: Mon Aug 10 17:46:21 2020
elapsed time: 0 seconds (0d 0h 0m 0s)

